# JRE version: Java(TM) SE Runtime Environment (8.0_161-b12) (build 1.8.0_161-b12)
# Java VM: Java HotSpot(TM) 64-Bit Server VM (25.161-b12 mixed mode linux-amd64 compressed oops)
Heap:
 PSYoungGen      total 253952K, used 167735K [0x00000000e7000000, 0x00000000fa900000, 0x0000000100000000)
  eden space 227328K, 62% used [0x00000000e7000000,0x00000000efa3e588,0x00000000f4e00000)
  from space 26624K, 98% used [0x00000000f5780000,0x00000000f710f720,0x00000000f7180000)
  to   space 46592K, 0% used [0x00000000f7b80000,0x00000000f7b80000,0x00000000fa900000)
 ParOldGen       total 274432K, used 205128K [0x00000000b5000000, 0x00000000c5c00000, 0x00000000e7000000)
  object space 274432K, 74% used [0x00000000b5000000,0x00000000c1852128,0x00000000c5c00000)
 Metaspace       used 182174K, capacity 201453K, committed 201600K, reserved 1224704K
  class space    used 21758K, capacity 26999K, committed 27008K, reserved 1048576K
GC Heap History (10 events):
Event: 1526,838 GC heap before
{Heap before GC invocations=65 (full 10):
 PSYoungGen      total 314880K, used 295824K [0x00000000e7000000, 0x00000000fdf80000, 0x0000000100000000)
  eden space 282112K, 100% used [0x00000000e7000000,0x00000000f8380000,0x00000000f8380000)
  from space 32768K, 41% used [0x00000000fbf80000,0x00000000fcce4000,0x00000000fdf80000)
  to   space 47104K, 0% used [0x00000000f8380000,0x00000000f8380000,0x00000000fb180000)
 ParOldGen       total 274432K, used 205088K [0x00000000b5000000, 0x00000000c5c00000, 0x00000000e7000000)
  object space 274432K, 74% used [0x00000000b5000000,0x00000000c1848128,0x00000000c5c00000)
 Metaspace       used 178164K, capacity 197135K, committed 197504K, reserved 1220608K
  class space    used 21269K, capacity 26443K, committed 26496K, reserved 1048576K
Event: 1526,851 GC heap after
Heap after GC invocations=65 (full 10):
 PSYoungGen      total 287232K, used 17227K [0x00000000e7000000, 0x00000000fcf80000, 0x0000000100000000)
  eden space 269824K, 0% used [0x00000000e7000000,0x00000000e7000000,0x00000000f7780000)
  from space 17408K, 98% used [0x00000000f8380000,0x00000000f9452e48,0x00000000f9480000)
  to   space 45056K, 0% used [0x00000000fa380000,0x00000000fa380000,0x00000000fcf80000)
 ParOldGen       total 274432K, used 205096K [0x00000000b5000000, 0x00000000c5c00000, 0x00000000e7000000)
  object space 274432K, 74% used [0x00000000b5000000,0x00000000c184a128,0x00000000c5c00000)
 Metaspace       used 178164K, capacity 197135K, committed 197504K, reserved 1220608K
  class space    used 21269K, capacity 26443K, committed 26496K, reserved 1048576K
}
Event: 1545,770 GC heap before
{Heap before GC invocations=66 (full 10):
 PSYoungGen      total 287232K, used 287051K [0x00000000e7000000, 0x00000000fcf80000, 0x0000000100000000)
  eden space 269824K, 100% used [0x00000000e7000000,0x00000000f7780000,0x00000000f7780000)
  from space 17408K, 98% used [0x00000000f8380000,0x00000000f9452e48,0x00000000f9480000)
  to   space 45056K, 0% used [0x00000000fa380000,0x00000000fa380000,0x00000000fcf80000)
 ParOldGen       total 274432K, used 205096K [0x00000000b5000000, 0x00000000c5c00000, 0x00000000e7000000)
  object space 274432K, 74% used [0x00000000b5000000,0x00000000c184a128,0x00000000c5c00000)
 Metaspace       used 178625K, capacity 197747K, committed 198144K, reserved 1220608K
  class space    used 21311K, capacity 26501K, committed 26624K, reserved 1048576K
Event: 1545,783 GC heap after
Heap after GC invocations=66 (full 10):
 PSYoungGen      total 286208K, used 18598K [0x00000000e7000000, 0x00000000fbf00000, 0x0000000100000000)
  eden space 258048K, 0% used [0x00000000e7000000,0x00000000e7000000,0x00000000f6c00000)
  from space 28160K, 66% used [0x00000000fa380000,0x00000000fb5a9a28,0x00000000fbf00000)
  to   space 42496K, 0% used [0x00000000f6c00000,0x00000000f6c00000,0x00000000f9580000)
 ParOldGen       total 274432K, used 205104K [0x00000000b5000000, 0x00000000c5c00000, 0x00000000e7000000)
  object space 274432K, 74% used [0x00000000b5000000,0x00000000c184c128,0x00000000c5c00000)
 Metaspace       used 178625K, capacity 197747K, committed 198144K, reserved 1220608K
  class space    used 21311K, capacity 26501K, committed 26624K, reserved 1048576K
}
Event: 1586,337 GC heap before
{Heap before GC invocations=67 (full 10):
 PSYoungGen      total 286208K, used 276646K [0x00000000e7000000, 0x00000000fbf00000, 0x0000000100000000)
  eden space 258048K, 100% used [0x00000000e7000000,0x00000000f6c00000,0x00000000f6c00000)
  from space 28160K, 66% used [0x00000000fa380000,0x00000000fb5a9a28,0x00000000fbf00000)
  to   space 42496K, 0% used [0x00000000f6c00000,0x00000000f6c00000,0x00000000f9580000)
 ParOldGen       total 274432K, used 205104K [0x00000000b5000000, 0x00000000c5c00000, 0x00000000e7000000)
  object space 274432K, 74% used [0x00000000b5000000,0x00000000c184c128,0x00000000c5c00000)
 Metaspace       used 179047K, capacity 198321K, committed 198656K, reserved 1220608K
  class space    used 21336K, capacity 26542K, committed 26624K, reserved 1048576K
Event: 1586,383 GC heap after
Heap after GC invocations=67 (full 10):
 PSYoungGen      total 283136K, used 35778K [0x00000000e7000000, 0x00000000fbb80000, 0x0000000100000000)
  eden space 247296K, 0% used [0x00000000e7000000,0x00000000e7000000,0x00000000f6180000)
  from space 35840K, 99% used [0x00000000f6c00000,0x00000000f8ef0888,0x00000000f8f00000)
  to   space 45568K, 0% used [0x00000000f8f00000,0x00000000f8f00000,0x00000000fbb80000)
 ParOldGen       total 274432K, used 205112K [0x00000000b5000000, 0x00000000c5c00000, 0x00000000e7000000)
  object space 274432K, 74% used [0x00000000b5000000,0x00000000c184e128,0x00000000c5c00000)
 Metaspace       used 179047K, capacity 198321K, committed 198656K, reserved 1220608K
  class space    used 21336K, capacity 26542K, committed 26624K, reserved 1048576K
}
Event: 1622,231 GC heap before
{Heap before GC invocations=68 (full 10):
 PSYoungGen      total 283136K, used 283074K [0x00000000e7000000, 0x00000000fbb80000, 0x0000000100000000)
  eden space 247296K, 100% used [0x00000000e7000000,0x00000000f6180000,0x00000000f6180000)
  from space 35840K, 99% used [0x00000000f6c00000,0x00000000f8ef0888,0x00000000f8f00000)
  to   space 45568K, 0% used [0x00000000f8f00000,0x00000000f8f00000,0x00000000fbb80000)
 ParOldGen       total 274432K, used 205112K [0x00000000b5000000, 0x00000000c5c00000, 0x00000000e7000000)
  object space 274432K, 74% used [0x00000000b5000000,0x00000000c184e128,0x00000000c5c00000)
 Metaspace       used 179253K, capacity 198513K, committed 198656K, reserved 1220608K
  class space    used 21345K, capacity 26542K, committed 26624K, reserved 1048576K
Event: 1622,254 GC heap after
Heap after GC invocations=68 (full 10):
 PSYoungGen      total 275456K, used 31666K [0x00000000e7000000, 0x00000000fb480000, 0x0000000100000000)
  eden space 237056K, 0% used [0x00000000e7000000,0x00000000e7000000,0x00000000f5780000)
  from space 38400K, 82% used [0x00000000f8f00000,0x00000000fadecad8,0x00000000fb480000)
  to   space 47616K, 0% used [0x00000000f5780000,0x00000000f5780000,0x00000000f8600000)
 ParOldGen       total 274432K, used 205120K [0x00000000b5000000, 0x00000000c5c00000, 0x00000000e7000000)
  object space 274432K, 74% used [0x00000000b5000000,0x00000000c1850128,0x00000000c5c00000)
 Metaspace       used 179253K, capacity 198513K, committed 198656K, reserved 1220608K
  class space    used 21345K, capacity 26542K, committed 26624K, reserved 1048576K
}
Event: 1692,814 GC heap before
{Heap before GC invocations=69 (full 10):
 PSYoungGen      total 275456K, used 268722K [0x00000000e7000000, 0x00000000fb480000, 0x0000000100000000)
  eden space 237056K, 100% used [0x00000000e7000000,0x00000000f5780000,0x00000000f5780000)
  from space 38400K, 82% used [0x00000000f8f00000,0x00000000fadecad8,0x00000000fb480000)
  to   space 47616K, 0% used [0x00000000f5780000,0x00000000f5780000,0x00000000f8600000)
 ParOldGen       total 274432K, used 205120K [0x00000000b5000000, 0x00000000c5c00000, 0x00000000e7000000)
  object space 274432K, 74% used [0x00000000b5000000,0x00000000c1850128,0x00000000c5c00000)
 Metaspace       used 179782K, capacity 198823K, committed 199168K, reserved 1222656K
  class space    used 21385K, capacity 26553K, committed 26624K, reserved 1048576K
Event: 1692,832 GC heap after
Heap after GC invocations=69 (full 10):
 PSYoungGen      total 253952K, used 26173K [0x00000000e7000000, 0x00000000fa900000, 0x0000000100000000)
  eden space 227328K, 0% used [0x00000000e7000000,0x00000000e7000000,0x00000000f4e00000)
  from space 26624K, 98% used [0x00000000f5780000,0x00000000f710f720,0x00000000f7180000)
  to   space 46592K, 0% used [0x00000000f7b80000,0x00000000f7b80000,0x00000000fa900000)
 ParOldGen       total 274432K, used 205128K [0x00000000b5000000, 0x00000000c5c00000, 0x00000000e7000000)
  object space 274432K, 74% used [0x00000000b5000000,0x00000000c1852128,0x00000000c5c00000)
 Metaspace       used 179782K, capacity 198823K, committed 199168K, reserved 1222656K
  class space    used 21385K, capacity 26553K, committed 26624K, reserved 1048576K
}

